<?xml version="1.0" encoding="UTF-8"?>
<!-- Generated by org.testng.reporters.JUnitReportReporter -->
<testsuite skipped="0" hostname="Ahmetcans-Mini" name="com.qa.orangehrm.tests.LoginPageTestPF" tests="1" failures="0" timestamp="25 Feb 2021 23:45:19 GMT" time="3.253" errors="0">
  <testcase name="loginTest" time="3.253" classname="com.qa.orangehrm.tests.LoginPageTestPF"/>
</testsuite> <!-- com.qa.orangehrm.tests.LoginPageTestPF -->
