<?xml version="1.0" encoding="UTF-8"?>
<!-- Generated by org.testng.reporters.JUnitReportReporter -->
<testsuite skipped="0" hostname="Ahmetcans-Mini" name="com.qa.orangehrm.base.ISpeakBetter" tests="1" failures="0" timestamp="19 Feb 2021 05:39:22 GMT" time="0.448" errors="0">
  <testcase name="login" time="0.448" classname="com.qa.orangehrm.base.ISpeakBetter"/>
</testsuite> <!-- com.qa.orangehrm.base.ISpeakBetter -->
