<?xml version="1.0" encoding="UTF-8"?>
<!-- Generated by org.testng.reporters.JUnitReportReporter -->
<testsuite skipped="0" hostname="Ahmetcans-Mini" name="com.qa.orangehrm.tests.AddEmployeeTest" tests="3" failures="0" timestamp="21 Feb 2021 04:53:55 GMT" time="36.654" errors="0">
  <testcase name="addEmployeeTest" time="12.163" classname="com.qa.orangehrm.tests.AddEmployeeTest"/>
  <testcase name="addEmployeeTest" time="10.909" classname="com.qa.orangehrm.tests.AddEmployeeTest"/>
  <testcase name="addEmployeeTest" time="13.582" classname="com.qa.orangehrm.tests.AddEmployeeTest"/>
</testsuite> <!-- com.qa.orangehrm.tests.AddEmployeeTest -->
