<?xml version="1.0" encoding="UTF-8"?>
<!-- Generated by org.testng.reporters.JUnitReportReporter -->
<testsuite skipped="0" hostname="Ahmetcans-Mini" name="com.qa.orangehrm.tests.LoginPageTest" tests="5" failures="0" timestamp="22 Feb 2021 16:10:20 GMT" time="13.370" errors="0">
  <testcase name="loginTest" time="2.955" classname="com.qa.orangehrm.tests.LoginPageTest"/>
  <testcase name="loginTest3" time="3.400" classname="com.qa.orangehrm.tests.LoginPageTest"/>
  <testcase name="getTitle" time="1.663" classname="com.qa.orangehrm.tests.LoginPageTest"/>
  <testcase name="loginTest1" time="2.392" classname="com.qa.orangehrm.tests.LoginPageTest"/>
  <testcase name="loginTest2" time="2.960" classname="com.qa.orangehrm.tests.LoginPageTest"/>
</testsuite> <!-- com.qa.orangehrm.tests.LoginPageTest -->
