<?xml version="1.0" encoding="UTF-8"?>
<!-- Generated by org.testng.reporters.JUnitReportReporter -->
<testsuite skipped="0" hostname="Ahmetcans-Mini" name="com.qa.orangehrm.LoginPage" tests="1" failures="0" timestamp="16 Feb 2021 23:07:04 GMT" time="0.007" errors="0">
  <testcase name="login" time="0.007" classname="com.qa.orangehrm.LoginPage"/>
</testsuite> <!-- com.qa.orangehrm.LoginPage -->
