<?xml version="1.0" encoding="UTF-8"?>
<!-- Generated by org.testng.reporters.JUnitReportReporter -->
<testsuite skipped="0" hostname="Ahmetcans-Mini" name="com.qa.orangehrm.tests.LoginPageTest" tests="5" failures="0" timestamp="04 Mar 2021 23:00:39 GMT" time="10.828" errors="0">
  <testcase name="loginTest2" time="2.769" classname="com.qa.orangehrm.tests.LoginPageTest"/>
  <testcase name="loginTest3" time="2.197" classname="com.qa.orangehrm.tests.LoginPageTest"/>
  <testcase name="loginTest1" time="2.118" classname="com.qa.orangehrm.tests.LoginPageTest"/>
  <testcase name="getTitle" time="1.398" classname="com.qa.orangehrm.tests.LoginPageTest"/>
  <testcase name="loginTest" time="2.346" classname="com.qa.orangehrm.tests.LoginPageTest"/>
</testsuite> <!-- com.qa.orangehrm.tests.LoginPageTest -->
