<?xml version="1.0" encoding="UTF-8"?>
<!-- Generated by org.testng.reporters.JUnitReportReporter -->
<testsuite skipped="0" hostname="Ahmetcans-Mini" name="com.qa.orangehrm.tests.LoginPageTest" tests="5" failures="0" timestamp="25 Feb 2021 17:23:47 GMT" time="16.985" errors="0">
  <testcase name="loginTest" time="3.234" classname="com.qa.orangehrm.tests.LoginPageTest"/>
  <testcase name="loginTest3" time="3.012" classname="com.qa.orangehrm.tests.LoginPageTest"/>
  <testcase name="getTitle" time="2.855" classname="com.qa.orangehrm.tests.LoginPageTest"/>
  <testcase name="loginTest1" time="3.321" classname="com.qa.orangehrm.tests.LoginPageTest"/>
  <testcase name="loginTest2" time="4.563" classname="com.qa.orangehrm.tests.LoginPageTest"/>
</testsuite> <!-- com.qa.orangehrm.tests.LoginPageTest -->
