<?xml version="1.0" encoding="UTF-8"?>
<!-- Generated by org.testng.reporters.JUnitReportReporter -->
<testsuite skipped="0" hostname="Ahmetcans-Mini" name="TestNG_1.TestNG_1.Class2" tests="1" failures="0" timestamp="11 Mar 2021 19:24:17 GMT" time="0.008" errors="0">
  <testcase name="test1" time="0.008" classname="TestNG_1.TestNG_1.Class2"/>
</testsuite> <!-- TestNG_1.TestNG_1.Class2 -->
