<?xml version="1.0" encoding="UTF-8"?>
<!-- Generated by org.testng.reporters.JUnitReportReporter -->
<testsuite skipped="0" hostname="Ahmetcans-Mini" name="TestNG_1.TestNG_1.FirstTest" tests="1" failures="0" timestamp="10 Mar 2021 23:28:26 GMT" time="0.004" errors="0">
  <testcase name="t1CheckLoginTitle" time="0.004" classname="TestNG_1.TestNG_1.FirstTest"/>
</testsuite> <!-- TestNG_1.TestNG_1.FirstTest -->
