<?xml version="1.0" encoding="UTF-8"?>
<!-- Generated by org.testng.reporters.JUnitReportReporter -->
<testsuite skipped="0" hostname="Ahmetcans-Mini" name="TestNG_1.TestNG_1.Class1" tests="1" failures="0" timestamp="11 Mar 2021 18:00:34 GMT" time="0.007" errors="0">
  <testcase name="test1" time="0.007" classname="TestNG_1.TestNG_1.Class1"/>
</testsuite> <!-- TestNG_1.TestNG_1.Class1 -->
