<?xml version="1.0" encoding="UTF-8"?>
<!-- Generated by org.testng.reporters.JUnitReportReporter -->
<testsuite skipped="0" hostname="Ahmetcans-Mini" name="TestNG_1.TestNG_1.Class1" tests="1" failures="0" timestamp="23 Feb 2021 20:31:04 GMT" time="0.006" errors="0">
  <testcase name="test1" time="0.006" classname="TestNG_1.TestNG_1.Class1"/>
</testsuite> <!-- TestNG_1.TestNG_1.Class1 -->
