<?xml version="1.0" encoding="UTF-8"?>
<!-- Generated by org.testng.reporters.JUnitReportReporter -->
<testsuite skipped="0" hostname="Ahmetcans-Mini" name="TestNG_1.TestNG_1.FirstTest" tests="3" failures="0" timestamp="16 Feb 2021 22:16:14 GMT" time="0.007" errors="0">
  <testcase name="t1CheckLoginTitle" time="0.004" classname="TestNG_1.TestNG_1.FirstTest"/>
  <testcase name="t2EnterCredential" time="0.001" classname="TestNG_1.TestNG_1.FirstTest"/>
  <testcase name="t3VerifyLoggedInPage" time="0.002" classname="TestNG_1.TestNG_1.FirstTest"/>
</testsuite> <!-- TestNG_1.TestNG_1.FirstTest -->
