<?xml version="1.0" encoding="UTF-8"?>
<!-- Generated by org.testng.reporters.JUnitReportReporter -->
<testsuite skipped="0" hostname="Ahmetcans-Mini" name="package_1.FirstTest" tests="1" failures="0" timestamp="17 Feb 2021 01:32:08 GMT" time="0.005" errors="0">
  <testcase name="t2" time="0.005" classname="package_1.FirstTest"/>
</testsuite> <!-- package_1.FirstTest -->
