<?xml version="1.0" encoding="UTF-8"?>
<!-- Generated by org.testng.reporters.JUnitReportReporter -->
<testsuite skipped="0" hostname="Ahmetcans-Mini" name="package_1.LoginPage" tests="3" failures="0" timestamp="17 Feb 2021 02:24:36 GMT" time="7.756" errors="0">
  <testcase name="login" time="3.993" classname="package_1.LoginPage"/>
  <testcase name="verifyForgetPswLink" time="1.816" classname="package_1.LoginPage"/>
  <testcase name="verifyLoginPageTitle" time="1.947" classname="package_1.LoginPage"/>
</testsuite> <!-- package_1.LoginPage -->
