<?xml version="1.0" encoding="UTF-8"?>
<!-- Generated by org.testng.reporters.JUnitReportReporter -->
<testsuite hostname="Silicones-MBP" name="com.qa.orange.tests.HomePageTest" tests="4" failures="0" timestamp="24 Jan 2021 19:48:00 GMT" time="32.123" errors="0">
  <testcase name="verifyHomePageHeader" time="7.313" classname="com.qa.orange.tests.HomePageTest"/>
  <testcase name="verifyAuthentication" time="9.039" classname="com.qa.orange.tests.HomePageTest"/>
  <testcase name="verifyHomePageTitle" time="7.521" classname="com.qa.orange.tests.HomePageTest"/>
  <testcase name="verifyLoggedInUserTest" time="8.250" classname="com.qa.orange.tests.HomePageTest"/>
</testsuite> <!-- com.qa.orange.tests.HomePageTest -->
