<?xml version="1.0" encoding="UTF-8"?>
<!-- Generated by org.testng.reporters.JUnitReportReporter -->
<testsuite hostname="Silicones-MBP" name="com.qa.orange.tests.AddEmployeeTest" tests="3" failures="0" timestamp="24 Jan 2021 19:48:00 GMT" time="36.217" errors="0">
  <testcase name="addEmployeeTest" time="12.334" classname="com.qa.orange.tests.AddEmployeeTest"/>
  <testcase name="addEmployeeTest" time="11.921" classname="com.qa.orange.tests.AddEmployeeTest"/>
  <testcase name="addEmployeeTest" time="11.962" classname="com.qa.orange.tests.AddEmployeeTest"/>
</testsuite> <!-- com.qa.orange.tests.AddEmployeeTest -->
