<?xml version="1.0" encoding="UTF-8"?>
<!-- Generated by org.testng.reporters.JUnitReportReporter -->
<testsuite skipped="0" hostname="Ahmetcans-Mini" name="com.qa.hotels.tests.HomePageTest" tests="4" failures="0" timestamp="01 Mar 2021 01:32:44 GMT" time="44.372" errors="0">
  <testcase name="verifyGetHomePageTitle" time="7.260" classname="com.qa.hotels.tests.HomePageTest"/>
  <testcase name="verifyDestination" time="7.927" classname="com.qa.hotels.tests.HomePageTest"/>
  <testcase name="verifySelectRequirements" time="11.122" classname="com.qa.hotels.tests.HomePageTest"/>
  <testcase name="verifyClickSearch" time="18.063" classname="com.qa.hotels.tests.HomePageTest"/>
</testsuite> <!-- com.qa.hotels.tests.HomePageTest -->
