<?xml version="1.0" encoding="UTF-8"?>
<!-- Generated by org.testng.reporters.JUnitReportReporter -->
<testsuite skipped="0" hostname="Ahmetcans-Mini" name="com.qa.orangehrm.tests.HomePageTest" tests="1" failures="0" timestamp="04 Mar 2021 22:43:06 GMT" time="5.151" errors="0">
  <testcase name="checkAdminLink" time="5.151" classname="com.qa.orangehrm.tests.HomePageTest"/>
</testsuite> <!-- com.qa.orangehrm.tests.HomePageTest -->
