<?xml version="1.0" encoding="UTF-8"?>
<!-- Generated by org.testng.reporters.JUnitReportReporter -->
<testsuite skipped="0" hostname="Ahmetcans-Mini" name="com.qa.orangehrm.tests.LoginPageTest" tests="1" failures="0" timestamp="02 Mar 2021 20:15:27 GMT" time="4.246" errors="0">
  <testcase name="loginTest" time="4.246" classname="com.qa.orangehrm.tests.LoginPageTest"/>
</testsuite> <!-- com.qa.orangehrm.tests.LoginPageTest -->
