<?xml version="1.0" encoding="UTF-8"?>
<!-- Generated by org.testng.reporters.JUnitReportReporter -->
<testsuite skipped="0" hostname="Ahmetcans-Mini" name="com.qa.orangehrm.tests.AddEmployeeTest" tests="4" failures="0" timestamp="09 Mar 2021 20:24:48 GMT" time="25.077" errors="0">
  <testcase name="addEmployee_2" time="6.372" classname="com.qa.orangehrm.tests.AddEmployeeTest"/>
  <testcase name="addEmployee_2" time="5.944" classname="com.qa.orangehrm.tests.AddEmployeeTest"/>
  <testcase name="addEmployee_2" time="6.817" classname="com.qa.orangehrm.tests.AddEmployeeTest"/>
  <testcase name="addEmployee_2" time="5.944" classname="com.qa.orangehrm.tests.AddEmployeeTest"/>
</testsuite> <!-- com.qa.orangehrm.tests.AddEmployeeTest -->
