<?xml version="1.0" encoding="UTF-8"?>
<!-- Generated by org.testng.reporters.JUnitReportReporter -->
<testsuite skipped="0" hostname="Ahmetcans-Mini" name="com.qa.orangehrm.tests.LoginPageTest" tests="1" failures="0" timestamp="04 Mar 2021 19:19:31 GMT" time="4.427" errors="0">
  <testcase name="loginTest2" time="4.427" classname="com.qa.orangehrm.tests.LoginPageTest"/>
</testsuite> <!-- com.qa.orangehrm.tests.LoginPageTest -->
