<?xml version="1.0" encoding="UTF-8"?>
<!-- Generated by org.testng.reporters.JUnitReportReporter -->
<testsuite skipped="0" hostname="Ahmetcans-Mini" name="orange.qa.hrm.tests.HomePageTest" tests="3" failures="0" timestamp="26 Feb 2021 02:47:06 GMT" time="8.138" errors="0">
  <testcase name="verifyHeader" time="2.485" classname="orange.qa.hrm.tests.HomePageTest"/>
  <testcase name="verifyAccountName" time="3.068" classname="orange.qa.hrm.tests.HomePageTest"/>
  <testcase name="verifyHomePageTitle" time="2.585" classname="orange.qa.hrm.tests.HomePageTest"/>
</testsuite> <!-- orange.qa.hrm.tests.HomePageTest -->
