<?xml version="1.0" encoding="UTF-8"?>
<!-- Generated by org.testng.reporters.JUnitReportReporter -->
<testsuite skipped="0" hostname="Ahmetcans-Mini" name="orange.qa.hrm.tests.LoginPageTest" tests="1" failures="0" timestamp="02 Mar 2021 19:47:06 GMT" time="3.449" errors="0">
  <testcase name="loginTest" time="3.449" classname="orange.qa.hrm.tests.LoginPageTest"/>
</testsuite> <!-- orange.qa.hrm.tests.LoginPageTest -->
