<?xml version="1.0" encoding="UTF-8"?>
<!-- Generated by org.testng.reporters.JUnitReportReporter -->
<testsuite skipped="0" hostname="Ahmetcans-Mini" name="orange.qa.hrm.tests.HomePageTest" tests="1" failures="0" timestamp="02 Mar 2021 03:02:57 GMT" time="3.138" errors="0">
  <testcase name="verifyHomePageTitle" time="3.138" classname="orange.qa.hrm.tests.HomePageTest"/>
</testsuite> <!-- orange.qa.hrm.tests.HomePageTest -->
