<?xml version="1.0" encoding="UTF-8"?>
<!-- Generated by org.testng.reporters.JUnitReportReporter -->
<testsuite skipped="0" hostname="Ahmetcans-Mini" name="orange.qa.hrm.tests.LoginPageTest" tests="1" failures="0" timestamp="26 Feb 2021 00:47:20 GMT" time="3.007" errors="0">
  <testcase name="loginTest" time="3.007" classname="orange.qa.hrm.tests.LoginPageTest"/>
</testsuite> <!-- orange.qa.hrm.tests.LoginPageTest -->
