<?xml version="1.0" encoding="UTF-8"?>
<!-- Generated by org.testng.reporters.JUnitReportReporter -->
<testsuite skipped="0" hostname="Ahmetcans-Mini" name="orange.qa.hrm.tests.LoginPageTest" tests="3" failures="0" timestamp="02 Mar 2021 22:56:47 GMT" time="8.624" errors="0">
  <testcase name="verifyTitle" time="1.875" classname="orange.qa.hrm.tests.LoginPageTest"/>
  <testcase name="loginTest" time="3.310" classname="orange.qa.hrm.tests.LoginPageTest"/>
  <testcase name="loginTest2" time="3.439" classname="orange.qa.hrm.tests.LoginPageTest"/>
</testsuite> <!-- orange.qa.hrm.tests.LoginPageTest -->
